ERROR - 2024-07-13 03:25:10 --> Error connecting to the database: mysqli_sql_exception: No connection could be made because the target machine actively refused it in C:\Users\Warni\Downloads\codeigniter4-framework-v4.5.3-0-gbe27314\codeigniter4-framework-be27314\system\Database\MySQLi\Connection.php:187
Stack trace:
#0 C:\Users\Warni\Downloads\codeigniter4-framework-v4.5.3-0-gbe27314\codeigniter4-framework-be27314\system\Database\MySQLi\Connection.php(187): mysqli->real_connect('localhost', 'root', '', 'tugasuas_', 3306, '', 0)
#1 C:\Users\Warni\Downloads\codeigniter4-framework-v4.5.3-0-gbe27314\codeigniter4-framework-be27314\system\Database\BaseConnection.php(421): CodeIgniter\Database\MySQLi\Connection->connect(false)
#2 C:\Users\Warni\Downloads\codeigniter4-framework-v4.5.3-0-gbe27314\codeigniter4-framework-be27314\system\Database\BaseConnection.php(616): CodeIgniter\Database\BaseConnection->initialize()
#3 C:\Users\Warni\Downloads\codeigniter4-framework-v4.5.3-0-gbe27314\codeigniter4-framework-be27314\system\Database\BaseBuilder.php(1720): CodeIgniter\Database\BaseConnection->query('SELECT COUNT(*)...', Array, false)
#4 C:\Users\Warni\Downloads\codeigniter4-framework-v4.5.3-0-gbe27314\codeigniter4-framework-be27314\system\Model.php(678): CodeIgniter\Database\BaseBuilder->countAllResults(false)
#5 C:\Users\Warni\Downloads\codeigniter4-framework-v4.5.3-0-gbe27314\codeigniter4-framework-be27314\system\BaseModel.php(1284): CodeIgniter\Model->countAllResults(false)
#6 C:\Users\Warni\Downloads\codeigniter4-framework-v4.5.3-0-gbe27314\codeigniter4-framework-be27314\app\Controllers\Dosen.php(25): CodeIgniter\BaseModel->paginate(2, 'dosen')
#7 C:\Users\Warni\Downloads\codeigniter4-framework-v4.5.3-0-gbe27314\codeigniter4-framework-be27314\system\CodeIgniter.php(933): App\Controllers\Dosen->list()
#8 C:\Users\Warni\Downloads\codeigniter4-framework-v4.5.3-0-gbe27314\codeigniter4-framework-be27314\system\CodeIgniter.php(509): CodeIgniter\CodeIgniter->runController(Object(App\Controllers\Dosen))
#9 C:\Users\Warni\Downloads\codeigniter4-framework-v4.5.3-0-gbe27314\codeigniter4-framework-be27314\system\CodeIgniter.php(355): CodeIgniter\CodeIgniter->handleRequest(NULL, Object(Config\Cache), false)
#10 C:\Users\Warni\Downloads\codeigniter4-framework-v4.5.3-0-gbe27314\codeigniter4-framework-be27314\system\Boot.php(325): CodeIgniter\CodeIgniter->run()
#11 C:\Users\Warni\Downloads\codeigniter4-framework-v4.5.3-0-gbe27314\codeigniter4-framework-be27314\system\Boot.php(67): CodeIgniter\Boot::runCodeIgniter(Object(CodeIgniter\CodeIgniter))
#12 C:\Users\Warni\Downloads\codeigniter4-framework-v4.5.3-0-gbe27314\codeigniter4-framework-be27314\public\index.php(56): CodeIgniter\Boot::bootWeb(Object(Config\Paths))
#13 C:\Users\Warni\Downloads\codeigniter4-framework-v4.5.3-0-gbe27314\codeigniter4-framework-be27314\system\rewrite.php(44): require_once('C:\\Users\\Warni\\...')
#14 {main}

Next CodeIgniter\Database\Exceptions\DatabaseException: No connection could be made because the target machine actively refused it in C:\Users\Warni\Downloads\codeigniter4-framework-v4.5.3-0-gbe27314\codeigniter4-framework-be27314\system\Database\MySQLi\Connection.php:231
Stack trace:
#0 C:\Users\Warni\Downloads\codeigniter4-framework-v4.5.3-0-gbe27314\codeigniter4-framework-be27314\system\Database\BaseConnection.php(421): CodeIgniter\Database\MySQLi\Connection->connect(false)
#1 C:\Users\Warni\Downloads\codeigniter4-framework-v4.5.3-0-gbe27314\codeigniter4-framework-be27314\system\Database\BaseConnection.php(616): CodeIgniter\Database\BaseConnection->initialize()
#2 C:\Users\Warni\Downloads\codeigniter4-framework-v4.5.3-0-gbe27314\codeigniter4-framework-be27314\system\Database\BaseBuilder.php(1720): CodeIgniter\Database\BaseConnection->query('SELECT COUNT(*)...', Array, false)
#3 C:\Users\Warni\Downloads\codeigniter4-framework-v4.5.3-0-gbe27314\codeigniter4-framework-be27314\system\Model.php(678): CodeIgniter\Database\BaseBuilder->countAllResults(false)
#4 C:\Users\Warni\Downloads\codeigniter4-framework-v4.5.3-0-gbe27314\codeigniter4-framework-be27314\system\BaseModel.php(1284): CodeIgniter\Model->countAllResults(false)
#5 C:\Users\Warni\Downloads\codeigniter4-framework-v4.5.3-0-gbe27314\codeigniter4-framework-be27314\app\Controllers\Dosen.php(25): CodeIgniter\BaseModel->paginate(2, 'dosen')
#6 C:\Users\Warni\Downloads\codeigniter4-framework-v4.5.3-0-gbe27314\codeigniter4-framework-be27314\system\CodeIgniter.php(933): App\Controllers\Dosen->list()
#7 C:\Users\Warni\Downloads\codeigniter4-framework-v4.5.3-0-gbe27314\codeigniter4-framework-be27314\system\CodeIgniter.php(509): CodeIgniter\CodeIgniter->runController(Object(App\Controllers\Dosen))
#8 C:\Users\Warni\Downloads\codeigniter4-framework-v4.5.3-0-gbe27314\codeigniter4-framework-be27314\system\CodeIgniter.php(355): CodeIgniter\CodeIgniter->handleRequest(NULL, Object(Config\Cache), false)
#9 C:\Users\Warni\Downloads\codeigniter4-framework-v4.5.3-0-gbe27314\codeigniter4-framework-be27314\system\Boot.php(325): CodeIgniter\CodeIgniter->run()
#10 C:\Users\Warni\Downloads\codeigniter4-framework-v4.5.3-0-gbe27314\codeigniter4-framework-be27314\system\Boot.php(67): CodeIgniter\Boot::runCodeIgniter(Object(CodeIgniter\CodeIgniter))
#11 C:\Users\Warni\Downloads\codeigniter4-framework-v4.5.3-0-gbe27314\codeigniter4-framework-be27314\public\index.php(56): CodeIgniter\Boot::bootWeb(Object(Config\Paths))
#12 C:\Users\Warni\Downloads\codeigniter4-framework-v4.5.3-0-gbe27314\codeigniter4-framework-be27314\system\rewrite.php(44): require_once('C:\\Users\\Warni\\...')
#13 {main}
CRITICAL - 2024-07-13 03:25:10 --> CodeIgniter\Database\Exceptions\DatabaseException: Unable to connect to the database.
Main connection [MySQLi]: No connection could be made because the target machine actively refused it
[Method: GET, Route: dosen]
in SYSTEMPATH\Database\BaseConnection.php on line 467.
 1 SYSTEMPATH\Database\BaseConnection.php(616): CodeIgniter\Database\BaseConnection->initialize()
 2 SYSTEMPATH\Database\BaseBuilder.php(1720): CodeIgniter\Database\BaseConnection->query('SELECT COUNT(*) AS `numrows`
FROM `dosen`', [], false)
 3 SYSTEMPATH\Model.php(678): CodeIgniter\Database\BaseBuilder->countAllResults(false)
 4 SYSTEMPATH\BaseModel.php(1284): CodeIgniter\Model->countAllResults(false)
 5 APPPATH\Controllers\Dosen.php(25): CodeIgniter\BaseModel->paginate(2, 'dosen')
 6 SYSTEMPATH\CodeIgniter.php(933): App\Controllers\Dosen->list()
 7 SYSTEMPATH\CodeIgniter.php(509): CodeIgniter\CodeIgniter->runController(Object(App\Controllers\Dosen))
 8 SYSTEMPATH\CodeIgniter.php(355): CodeIgniter\CodeIgniter->handleRequest(null, Object(Config\Cache), false)
 9 SYSTEMPATH\Boot.php(325): CodeIgniter\CodeIgniter->run()
10 SYSTEMPATH\Boot.php(67): CodeIgniter\Boot::runCodeIgniter(Object(CodeIgniter\CodeIgniter))
11 FCPATH\index.php(56): CodeIgniter\Boot::bootWeb(Object(Config\Paths))
12 SYSTEMPATH\rewrite.php(44): require_once('C:\\Users\\Warni\\Downloads\\codeigniter4-framework-v4.5.3-0-gbe27314\\codeigniter4-framework-be27314\\public\\index.php')
INFO - 2024-07-13 03:26:31 --> Session: Class initialized using 'CodeIgniter\Session\Handlers\FileHandler' driver.
INFO - 2024-07-13 03:42:32 --> Session: Class initialized using 'CodeIgniter\Session\Handlers\FileHandler' driver.
INFO - 2024-07-13 03:42:37 --> Session: Class initialized using 'CodeIgniter\Session\Handlers\FileHandler' driver.
INFO - 2024-07-13 03:42:37 --> Session: Class initialized using 'CodeIgniter\Session\Handlers\FileHandler' driver.
INFO - 2024-07-13 03:42:42 --> Session: Class initialized using 'CodeIgniter\Session\Handlers\FileHandler' driver.
INFO - 2024-07-13 03:43:12 --> Session: Class initialized using 'CodeIgniter\Session\Handlers\FileHandler' driver.
INFO - 2024-07-13 03:43:12 --> Session: Class initialized using 'CodeIgniter\Session\Handlers\FileHandler' driver.
INFO - 2024-07-13 03:43:16 --> Session: Class initialized using 'CodeIgniter\Session\Handlers\FileHandler' driver.
INFO - 2024-07-13 03:43:19 --> Session: Class initialized using 'CodeIgniter\Session\Handlers\FileHandler' driver.
INFO - 2024-07-13 03:43:50 --> Session: Class initialized using 'CodeIgniter\Session\Handlers\FileHandler' driver.
INFO - 2024-07-13 03:43:57 --> Session: Class initialized using 'CodeIgniter\Session\Handlers\FileHandler' driver.
INFO - 2024-07-13 03:43:57 --> Session: Class initialized using 'CodeIgniter\Session\Handlers\FileHandler' driver.
INFO - 2024-07-13 03:44:00 --> Session: Class initialized using 'CodeIgniter\Session\Handlers\FileHandler' driver.
INFO - 2024-07-13 03:44:59 --> Session: Class initialized using 'CodeIgniter\Session\Handlers\FileHandler' driver.
INFO - 2024-07-13 03:44:59 --> Session: Class initialized using 'CodeIgniter\Session\Handlers\FileHandler' driver.
INFO - 2024-07-13 03:45:02 --> Session: Class initialized using 'CodeIgniter\Session\Handlers\FileHandler' driver.
INFO - 2024-07-13 03:46:19 --> Session: Class initialized using 'CodeIgniter\Session\Handlers\FileHandler' driver.
INFO - 2024-07-13 03:46:43 --> Session: Class initialized using 'CodeIgniter\Session\Handlers\FileHandler' driver.
INFO - 2024-07-13 03:46:43 --> Session: Class initialized using 'CodeIgniter\Session\Handlers\FileHandler' driver.
INFO - 2024-07-13 03:46:47 --> Session: Class initialized using 'CodeIgniter\Session\Handlers\FileHandler' driver.
INFO - 2024-07-13 03:46:52 --> Session: Class initialized using 'CodeIgniter\Session\Handlers\FileHandler' driver.
INFO - 2024-07-13 03:47:01 --> Session: Class initialized using 'CodeIgniter\Session\Handlers\FileHandler' driver.
INFO - 2024-07-13 03:47:01 --> Session: Class initialized using 'CodeIgniter\Session\Handlers\FileHandler' driver.
INFO - 2024-07-13 03:47:05 --> Session: Class initialized using 'CodeIgniter\Session\Handlers\FileHandler' driver.
INFO - 2024-07-13 03:47:17 --> Session: Class initialized using 'CodeIgniter\Session\Handlers\FileHandler' driver.
INFO - 2024-07-13 03:47:29 --> Session: Class initialized using 'CodeIgniter\Session\Handlers\FileHandler' driver.
INFO - 2024-07-13 03:47:29 --> Session: Class initialized using 'CodeIgniter\Session\Handlers\FileHandler' driver.
INFO - 2024-07-13 03:48:02 --> Session: Class initialized using 'CodeIgniter\Session\Handlers\FileHandler' driver.
INFO - 2024-07-13 03:49:56 --> Session: Class initialized using 'CodeIgniter\Session\Handlers\FileHandler' driver.
INFO - 2024-07-13 03:49:58 --> Session: Class initialized using 'CodeIgniter\Session\Handlers\FileHandler' driver.
INFO - 2024-07-13 03:51:29 --> Session: Class initialized using 'CodeIgniter\Session\Handlers\FileHandler' driver.
INFO - 2024-07-13 03:51:43 --> Session: Class initialized using 'CodeIgniter\Session\Handlers\FileHandler' driver.
INFO - 2024-07-13 03:51:57 --> Session: Class initialized using 'CodeIgniter\Session\Handlers\FileHandler' driver.
INFO - 2024-07-13 03:52:11 --> Session: Class initialized using 'CodeIgniter\Session\Handlers\FileHandler' driver.
INFO - 2024-07-13 03:52:11 --> Session: Class initialized using 'CodeIgniter\Session\Handlers\FileHandler' driver.
INFO - 2024-07-13 03:52:15 --> Session: Class initialized using 'CodeIgniter\Session\Handlers\FileHandler' driver.
INFO - 2024-07-13 03:52:15 --> Session: Class initialized using 'CodeIgniter\Session\Handlers\FileHandler' driver.
INFO - 2024-07-13 04:10:52 --> Session: Class initialized using 'CodeIgniter\Session\Handlers\FileHandler' driver.
INFO - 2024-07-13 04:41:43 --> Session: Class initialized using 'CodeIgniter\Session\Handlers\FileHandler' driver.
INFO - 2024-07-13 04:42:10 --> Session: Class initialized using 'CodeIgniter\Session\Handlers\FileHandler' driver.
INFO - 2024-07-13 04:42:10 --> Session: Class initialized using 'CodeIgniter\Session\Handlers\FileHandler' driver.
INFO - 2024-07-13 04:42:24 --> Session: Class initialized using 'CodeIgniter\Session\Handlers\FileHandler' driver.
INFO - 2024-07-13 04:42:25 --> Session: Class initialized using 'CodeIgniter\Session\Handlers\FileHandler' driver.
